<?xml version="1.0" encoding="UTF-8"?>
<!-- Generated by org.testng.reporters.JUnitXMLReporter -->
<testsuite hostname="hambergit" ignored="0" name="Test1" tests="1" failures="1" timestamp="28 Mär 2019 08:41:04 GMT" time="3.46" errors="0">
  <testcase name="@AfterTest teardown" time="0.001" classname="demo.TestNGMultiBrowserDemo">
    <failure type="java.lang.NullPointerException">
      <![CDATA[java.lang.NullPointerException
at demo.TestNGMultiBrowserDemo.teardown(TestNGMultiBrowserDemo.java:44)
... Removed 24 stack frames]]>
    </failure>
  </testcase> <!-- @AfterTest teardown -->
  <testcase name="test1" time="0.005" classname="demo.TestNGMultiBrowserDemo">
    <failure type="java.lang.NullPointerException">
      <![CDATA[java.lang.NullPointerException
at demo.TestNGMultiBrowserDemo.test1(TestNGMultiBrowserDemo.java:37)
... Removed 25 stack frames]]>
    </failure>
  </testcase> <!-- test1 -->
</testsuite> <!-- Test1 -->
