<?xml version="1.0" encoding="UTF-8"?>
<!-- Generated by org.testng.reporters.JUnitReportReporter -->
<testsuite skipped="0" hostname="hambergit" name="demo.TestNGGroupsDemo" tests="4" failures="0" timestamp="28 Mär 2019 09:15:37 GMT" time="0.019" errors="0">
  <testcase name="test5" time="0.002" classname="demo.TestNGGroupsDemo"/>
  <testcase name="test2" time="0.015" classname="demo.TestNGGroupsDemo"/>
  <testcase name="test4" time="0.001" classname="demo.TestNGGroupsDemo"/>
  <testcase name="test3" time="0.001" classname="demo.TestNGGroupsDemo"/>
</testsuite> <!-- demo.TestNGGroupsDemo -->
