<?xml version="1.0" encoding="UTF-8"?>
<!-- Generated by org.testng.reporters.JUnitReportReporter -->
<testsuite skipped="1" hostname="hambergit" name="demo.TestNGIgnoreDemo" tests="3" failures="0" timestamp="28 Mär 2019 12:29:21 GMT" time="0.017" errors="0">
  <testcase name="test3" time="0.002" classname="demo.TestNGIgnoreDemo"/>
  <testcase name="test2" time="0.015" classname="demo.TestNGIgnoreDemo"/>
  <testcase name="test1" classname="demo.TestNGIgnoreDemo">
    <skipped/>
  </testcase> <!-- test1 -->
</testsuite> <!-- demo.TestNGIgnoreDemo -->
