<?xml version="1.0" encoding="UTF-8"?>
<!-- Generated by org.testng.reporters.JUnitReportReporter -->
<testsuite skipped="0" hostname="hambergit" name="priorityDemo.TestNGPriorityDemo" tests="3" failures="0" timestamp="28 Mär 2019 08:12:04 GMT" time="0.013" errors="0">
  <testcase name="test3" time="0.010" classname="priorityDemo.TestNGPriorityDemo"/>
  <testcase name="test1" time="0.001" classname="priorityDemo.TestNGPriorityDemo"/>
  <testcase name="test2" time="0.002" classname="priorityDemo.TestNGPriorityDemo"/>
</testsuite> <!-- priorityDemo.TestNGPriorityDemo -->
